2021-09-09T16:48:14.986Z/CreateAccount?Name=Athiwat&Address=london&Tel=0123456789
2021-09-09T16:48:46.013Z/CreateAccount?Name=Athiwat&Address=london&Tel=0123456789
2021-09-09T16:49:17.612Z/CreateAccount?Name=Athiwat&Address=london&Tel=0123456789
2021-09-09T16:49:21.802Z/CreateAccount?Name=Athiwat&Address=london&Tel=0123456789
2021-09-09T16:51:37.872Z/EditProfile?id=1&Name=Athiwat&Address=london&Tel=0123456789
2021-09-09T19:29:36.223Z/Booking?DateCheckIN=5-10-64
2021-09-09T19:29:47.531Z/Booking?DateCheckIN=5-10-64
2021-09-09T19:32:50.667Z/Booking?DateCheckIN=5-10-64
2021-09-09T19:33:34.623Z/Booking?DateCheckIN=5-10-64
2021-09-09T19:34:06.308Z/Booking?DateCheckIN=5-10-64
2021-09-09T19:34:23.055Z/Booking?DateCheckIN=5-10-64
2021-09-09T19:35:43.260Z/Booking?DateCheckIN=5-10-64
2021-09-09T19:38:12.338Z/Booking?DateCheckIN=5-10-64&DateCheckOUT=8-10-64
2021-09-09T19:38:36.408Z/Booking?DateCheckIN=5-10-64&DateCheckOUT=8-10-64
2021-09-09T19:41:18.055Z/Booking?DateCheckIN=5-10-64&DateCheckOUT=8-10-64
2021-09-09T19:45:41.598Z/Booking?DateCheckIN=5-10-64&DateCheckOUT=8-10-64
2021-09-09T20:03:44.729Z/Booking?DateCheckIN=5-10-64&DateCheckOUT=8-10-64
2021-09-09T20:05:44.256Z/Booking?DateCheckIN=5-10-64&DateCheckOUT=8-10-64
2021-09-09T20:10:29.562Z/Booking?DateCheckIN=5-10-64&DateCheckOUT=8-10-64
2021-09-09T20:10:31.775Z/Booking?DateCheckIN=5-10-64&DateCheckOUT=8-10-64
2021-09-09T20:11:21.436Z/Booking?DateCheckIN=5-10-64&DateCheckOUT=8-10-64
2021-09-09T20:11:23.020Z/Booking?DateCheckIN=5-10-64&DateCheckOUT=8-10-64
2021-09-09T20:12:51.173Z/Booking?DateCheckIN=5-10-64&DateCheckOUT=8-10-64
2021-09-10T05:34:26.698Z/Booking?DateCheckIN=5-10-64&DateCheckOUT=8-10-64
2021-09-10T05:34:26.953Z/favicon.ico
2021-09-10T05:36:50.171Z/Booking?DateCheckIN=5-10-64&DateCheckOUT=8-10-64
2021-09-10T05:36:58.538Z/Booking?DateCheckIN=5-10-64&DateCheckOUT=8-10-64
2021-09-10T05:37:14.766Z/Booking?DateCheckIN=5-10-64&DateCheckOUT=8-10-64
